Build started 3/12/2016 10:20:29 PM.
     1>Project "D:\OpenGL_Study\Project\OpenGL_4_5\OpenGL_4_5\OpenGL_4_5.vcxproj" on node 2 (Build target(s)).
     1>ClCompile:
         D:\Programs\VS2015\VC\bin\x86_amd64\CL.exe /c /ID:\OpenGL_Study\Project\OpenGL_4_5\OpenGL_4_5\\..\..\..\Dependecies\Includes /ID:\OpenGL_Study\Project\OpenGL_4_5\OpenGL_4_5\\..\OpenGL_4_5\Helper /ZI /nologo /W3 /WX- /sdl /Od /D NDEBUG /D WIN32 /D _DEBUG /D _CONSOLE /D _LIB /D _UNICODE /D UNICODE /Gm /EHsc /RTC1 /MDd /GS /fp:precise /Zc:wchar_t /Zc:forScope /Zc:inline /Fo"x64\Debug\\" /Fd"x64\Debug\vc140.pdb" /Gd /TP /errorReport:prompt Source\main.cpp
         main.cpp
     1>d:\opengl_study\project\opengl_4_5\opengl_4_5\helper\mathhelper.h(140): warning C4244: 'initializing': conversion from 'float' to 'int', possible loss of data
       Link:
         D:\Programs\VS2015\VC\bin\x86_amd64\link.exe /ERRORREPORT:PROMPT /OUT:"D:\OpenGL_Study\Project\OpenGL_4_5\x64\Debug\OpenGL_4_5.exe" /INCREMENTAL /NOLOGO /LIBPATH:D:\OpenGL_Study\Project\OpenGL_4_5\OpenGL_4_5\Libs\Debug /LIBPATH:D:\OpenGL_Study\Dependecies\LIB64 SOIL.lib opengl32.lib glew32.lib freeglut.lib kernel32.lib user32.lib gdi32.lib winspool.lib comdlg32.lib advapi32.lib shell32.lib ole32.lib oleaut32.lib uuid.lib odbc32.lib odbccp32.lib /MANIFEST /MANIFESTUAC:"level='asInvoker' uiAccess='false'" /manifest:embed /Debug /PDB:"D:\OpenGL_Study\Project\OpenGL_4_5\x64\Debug\OpenGL_4_5.pdb" /SUBSYSTEM:CONSOLE /TLBID:1 /DYNAMICBASE /NXCOMPAT /IMPLIB:"D:\OpenGL_Study\Project\OpenGL_4_5\x64\Debug\OpenGL_4_5.lib" /MACHINE:X64 x64\Debug\Camera.obj
         x64\Debug\MathHelper.obj
         x64\Debug\ColoredTriangle.obj
         x64\Debug\DiffuseLightingTest.obj
         x64\Debug\GeometryShaderCircleTest.obj
         x64\Debug\GeometryShaderModelExplodingTest.obj
         x64\Debug\GeometryShaderSample.obj
         x64\Debug\HelperShader.obj
         x64\Debug\AmbientLightingTest.obj
         x64\Debug\main.obj
         x64\Debug\ModelLoadingTest.obj
         x64\Debug\MVPTest.obj
         x64\Debug\SpecularLightingTest.obj
         x64\Debug\TessellationTest.obj
         x64\Debug\TextureMaping.obj
         x64\Debug\tiny_obj_loader.obj
         x64\Debug\TriangleTest.obj
         OpenGL_4_5.vcxproj -> D:\OpenGL_Study\Project\OpenGL_4_5\x64\Debug\OpenGL_4_5.exe
     1>Done Building Project "D:\OpenGL_Study\Project\OpenGL_4_5\OpenGL_4_5\OpenGL_4_5.vcxproj" (Build target(s)).

Build succeeded.

Time Elapsed 00:00:01.01
