d:\opengl_study\project\opengl_4_5\opengl_4_5\x64\debug\vc120.pdb
d:\opengl_study\project\opengl_4_5\opengl_4_5\x64\debug\vc120.idb
d:\opengl_study\project\opengl_4_5\opengl_4_5\x64\debug\helpershader.obj
d:\opengl_study\project\opengl_4_5\opengl_4_5\x64\debug\main.obj
d:\opengl_study\project\opengl_4_5\opengl_4_5\x64\debug\texturemaping.obj
d:\opengl_study\project\opengl_4_5\opengl_4_5\x64\debug\triangletest.obj
d:\opengl_study\project\opengl_4_5\opengl_4_5\x64\debug\vc140.pdb
d:\opengl_study\project\opengl_4_5\opengl_4_5\x64\debug\vc140.idb
d:\opengl_study\project\opengl_4_5\opengl_4_5\x64\debug\coloredtriangle.obj
d:\opengl_study\project\opengl_4_5\opengl_4_5\x64\debug\mathhelper.obj
d:\opengl_study\project\opengl_4_5\opengl_4_5\x64\debug\mvptest.obj
d:\opengl_study\project\opengl_4_5\opengl_4_5\x64\debug\modelloadingtest.obj
d:\opengl_study\project\opengl_4_5\opengl_4_5\x64\debug\tiny_obj_loader.obj
d:\opengl_study\project\opengl_4_5\opengl_4_5\x64\debug\tessellationtest.obj
d:\opengl_study\project\opengl_4_5\opengl_4_5\x64\debug\geometryshadersample.obj
d:\opengl_study\project\opengl_4_5\opengl_4_5\x64\debug\geometryshadercircletest.obj
d:\opengl_study\project\opengl_4_5\opengl_4_5\x64\debug\geometryshadermodelexplodingtest.obj
d:\opengl_study\project\opengl_4_5\opengl_4_5\x64\debug\lightingtest.obj
d:\opengl_study\project\opengl_4_5\opengl_4_5\x64\debug\camera.obj
d:\opengl_study\project\opengl_4_5\opengl_4_5\x64\debug\ambientlightingtest.obj
d:\opengl_study\project\opengl_4_5\opengl_4_5\x64\debug\diffuselightingtest.obj
d:\opengl_study\project\opengl_4_5\x64\debug\opengl_4_5.ilk
d:\opengl_study\project\opengl_4_5\x64\debug\opengl_4_5.exe
d:\opengl_study\project\opengl_4_5\x64\debug\opengl_4_5.pdb
d:\opengl_study\project\opengl_4_5\opengl_4_5\x64\debug\opengl_4_5.tlog\cl.command.1.tlog
d:\opengl_study\project\opengl_4_5\opengl_4_5\x64\debug\opengl_4_5.tlog\cl.read.1.tlog
d:\opengl_study\project\opengl_4_5\opengl_4_5\x64\debug\opengl_4_5.tlog\cl.write.1.tlog
d:\opengl_study\project\opengl_4_5\opengl_4_5\x64\debug\opengl_4_5.tlog\link.command.1.tlog
d:\opengl_study\project\opengl_4_5\opengl_4_5\x64\debug\opengl_4_5.tlog\link.read.1.tlog
d:\opengl_study\project\opengl_4_5\opengl_4_5\x64\debug\opengl_4_5.tlog\link.write.1.tlog
